<?xml version="1.0" encoding="UTF-8"?>
<testsuite xmlns:xsi="http://www.w3.org/2001/XMLSchema-instance" xsi:noNamespaceSchemaLocation="https://maven.apache.org/surefire/maven-surefire-plugin/xsd/surefire-test-report-3.0.xsd" version="3.0" name="Setup.RunnerTest" time="28.584" tests="13" errors="0" skipped="0" failures="0">
  <properties>
    <property name="java.specification.version" value="21"/>
    <property name="sun.cpu.isalist" value="amd64"/>
    <property name="sun.jnu.encoding" value="Cp1252"/>
    <property name="java.class.path" value="C:\Users\Laura\Documents\Stage\Functional_Monitoring\target\test-classes;C:\Users\Laura\Documents\Stage\Functional_Monitoring\target\classes;C:\Users\Laura\.m2\repository\org\springframework\boot\spring-boot-starter\3.2.4\spring-boot-starter-3.2.4.jar;C:\Users\Laura\.m2\repository\org\springframework\boot\spring-boot\3.2.4\spring-boot-3.2.4.jar;C:\Users\Laura\.m2\repository\org\springframework\spring-context\6.1.5\spring-context-6.1.5.jar;C:\Users\Laura\.m2\repository\org\springframework\spring-aop\6.1.5\spring-aop-6.1.5.jar;C:\Users\Laura\.m2\repository\org\springframework\spring-beans\6.1.5\spring-beans-6.1.5.jar;C:\Users\Laura\.m2\repository\org\springframework\spring-expression\6.1.5\spring-expression-6.1.5.jar;C:\Users\Laura\.m2\repository\io\micrometer\micrometer-observation\1.12.4\micrometer-observation-1.12.4.jar;C:\Users\Laura\.m2\repository\io\micrometer\micrometer-commons\1.12.4\micrometer-commons-1.12.4.jar;C:\Users\Laura\.m2\repository\org\springframework\boot\spring-boot-autoconfigure\3.2.4\spring-boot-autoconfigure-3.2.4.jar;C:\Users\Laura\.m2\repository\org\springframework\boot\spring-boot-starter-logging\3.2.4\spring-boot-starter-logging-3.2.4.jar;C:\Users\Laura\.m2\repository\ch\qos\logback\logback-classic\1.4.14\logback-classic-1.4.14.jar;C:\Users\Laura\.m2\repository\ch\qos\logback\logback-core\1.4.14\logback-core-1.4.14.jar;C:\Users\Laura\.m2\repository\org\apache\logging\log4j\log4j-to-slf4j\2.21.1\log4j-to-slf4j-2.21.1.jar;C:\Users\Laura\.m2\repository\org\apache\logging\log4j\log4j-api\2.21.1\log4j-api-2.21.1.jar;C:\Users\Laura\.m2\repository\org\slf4j\jul-to-slf4j\2.0.12\jul-to-slf4j-2.0.12.jar;C:\Users\Laura\.m2\repository\jakarta\annotation\jakarta.annotation-api\2.1.1\jakarta.annotation-api-2.1.1.jar;C:\Users\Laura\.m2\repository\org\springframework\spring-core\6.1.5\spring-core-6.1.5.jar;C:\Users\Laura\.m2\repository\org\springframework\spring-jcl\6.1.5\spring-jcl-6.1.5.jar;C:\Users\Laura\.m2\repository\org\yaml\snakeyaml\2.2\snakeyaml-2.2.jar;C:\Users\Laura\.m2\repository\org\springframework\boot\spring-boot-starter-test\3.2.4\spring-boot-starter-test-3.2.4.jar;C:\Users\Laura\.m2\repository\org\springframework\boot\spring-boot-test\3.2.4\spring-boot-test-3.2.4.jar;C:\Users\Laura\.m2\repository\org\springframework\boot\spring-boot-test-autoconfigure\3.2.4\spring-boot-test-autoconfigure-3.2.4.jar;C:\Users\Laura\.m2\repository\com\jayway\jsonpath\json-path\2.9.0\json-path-2.9.0.jar;C:\Users\Laura\.m2\repository\org\slf4j\slf4j-api\2.0.12\slf4j-api-2.0.12.jar;C:\Users\Laura\.m2\repository\jakarta\xml\bind\jakarta.xml.bind-api\4.0.2\jakarta.xml.bind-api-4.0.2.jar;C:\Users\Laura\.m2\repository\jakarta\activation\jakarta.activation-api\2.1.3\jakarta.activation-api-2.1.3.jar;C:\Users\Laura\.m2\repository\net\minidev\json-smart\2.5.0\json-smart-2.5.0.jar;C:\Users\Laura\.m2\repository\net\minidev\accessors-smart\2.5.0\accessors-smart-2.5.0.jar;C:\Users\Laura\.m2\repository\org\ow2\asm\asm\9.3\asm-9.3.jar;C:\Users\Laura\.m2\repository\org\assertj\assertj-core\3.24.2\assertj-core-3.24.2.jar;C:\Users\Laura\.m2\repository\net\bytebuddy\byte-buddy\1.14.12\byte-buddy-1.14.12.jar;C:\Users\Laura\.m2\repository\org\awaitility\awaitility\4.2.0\awaitility-4.2.0.jar;C:\Users\Laura\.m2\repository\org\hamcrest\hamcrest\2.2\hamcrest-2.2.jar;C:\Users\Laura\.m2\repository\org\junit\jupiter\junit-jupiter\5.10.2\junit-jupiter-5.10.2.jar;C:\Users\Laura\.m2\repository\org\junit\jupiter\junit-jupiter-api\5.10.2\junit-jupiter-api-5.10.2.jar;C:\Users\Laura\.m2\repository\org\junit\jupiter\junit-jupiter-params\5.10.2\junit-jupiter-params-5.10.2.jar;C:\Users\Laura\.m2\repository\org\junit\jupiter\junit-jupiter-engine\5.10.2\junit-jupiter-engine-5.10.2.jar;C:\Users\Laura\.m2\repository\org\mockito\mockito-core\5.7.0\mockito-core-5.7.0.jar;C:\Users\Laura\.m2\repository\net\bytebuddy\byte-buddy-agent\1.14.12\byte-buddy-agent-1.14.12.jar;C:\Users\Laura\.m2\repository\org\objenesis\objenesis\3.3\objenesis-3.3.jar;C:\Users\Laura\.m2\repository\org\mockito\mockito-junit-jupiter\5.7.0\mockito-junit-jupiter-5.7.0.jar;C:\Users\Laura\.m2\repository\org\skyscreamer\jsonassert\1.5.1\jsonassert-1.5.1.jar;C:\Users\Laura\.m2\repository\com\vaadin\external\google\android-json\0.0.20131108.vaadin1\android-json-0.0.20131108.vaadin1.jar;C:\Users\Laura\.m2\repository\org\springframework\spring-test\6.1.5\spring-test-6.1.5.jar;C:\Users\Laura\.m2\repository\org\xmlunit\xmlunit-core\2.9.1\xmlunit-core-2.9.1.jar;C:\Users\Laura\.m2\repository\io\cucumber\cucumber-java\7.16.1\cucumber-java-7.16.1.jar;C:\Users\Laura\.m2\repository\io\cucumber\cucumber-core\7.16.1\cucumber-core-7.16.1.jar;C:\Users\Laura\.m2\repository\io\cucumber\cucumber-gherkin\7.16.1\cucumber-gherkin-7.16.1.jar;C:\Users\Laura\.m2\repository\io\cucumber\cucumber-gherkin-messages\7.16.1\cucumber-gherkin-messages-7.16.1.jar;C:\Users\Laura\.m2\repository\io\cucumber\gherkin\28.0.0\gherkin-28.0.0.jar;C:\Users\Laura\.m2\repository\io\cucumber\messages\24.1.0\messages-24.1.0.jar;C:\Users\Laura\.m2\repository\io\cucumber\tag-expressions\6.1.0\tag-expressions-6.1.0.jar;C:\Users\Laura\.m2\repository\io\cucumber\cucumber-expressions\17.1.0\cucumber-expressions-17.1.0.jar;C:\Users\Laura\.m2\repository\io\cucumber\datatable\7.16.1\datatable-7.16.1.jar;C:\Users\Laura\.m2\repository\io\cucumber\cucumber-plugin\7.16.1\cucumber-plugin-7.16.1.jar;C:\Users\Laura\.m2\repository\io\cucumber\docstring\7.16.1\docstring-7.16.1.jar;C:\Users\Laura\.m2\repository\io\cucumber\html-formatter\21.3.0\html-formatter-21.3.0.jar;C:\Users\Laura\.m2\repository\io\cucumber\junit-xml-formatter\0.3.0\junit-xml-formatter-0.3.0.jar;C:\Users\Laura\.m2\repository\io\cucumber\ci-environment\10.0.1\ci-environment-10.0.1.jar;C:\Users\Laura\.m2\repository\org\apiguardian\apiguardian-api\1.1.2\apiguardian-api-1.1.2.jar;C:\Users\Laura\.m2\repository\io\cucumber\cucumber-spring\7.16.1\cucumber-spring-7.16.1.jar;C:\Users\Laura\.m2\repository\io\cucumber\cucumber-junit\7.16.1\cucumber-junit-7.16.1.jar;C:\Users\Laura\.m2\repository\junit\junit\4.13.2\junit-4.13.2.jar;C:\Users\Laura\.m2\repository\org\hamcrest\hamcrest-core\2.2\hamcrest-core-2.2.jar;C:\Users\Laura\.m2\repository\org\junit\vintage\junit-vintage-engine\5.7.0\junit-vintage-engine-5.7.0.jar;C:\Users\Laura\.m2\repository\org\junit\platform\junit-platform-engine\1.10.2\junit-platform-engine-1.10.2.jar;C:\Users\Laura\.m2\repository\org\opentest4j\opentest4j\1.3.0\opentest4j-1.3.0.jar;C:\Users\Laura\.m2\repository\org\junit\platform\junit-platform-commons\1.10.2\junit-platform-commons-1.10.2.jar;C:\Users\Laura\.m2\repository\org\seleniumhq\selenium\selenium-java\4.19.1\selenium-java-4.19.1.jar;C:\Users\Laura\.m2\repository\org\seleniumhq\selenium\selenium-api\4.14.1\selenium-api-4.14.1.jar;C:\Users\Laura\.m2\repository\org\seleniumhq\selenium\selenium-chrome-driver\4.14.1\selenium-chrome-driver-4.14.1.jar;C:\Users\Laura\.m2\repository\com\google\auto\service\auto-service-annotations\1.1.1\auto-service-annotations-1.1.1.jar;C:\Users\Laura\.m2\repository\com\google\guava\guava\32.1.2-jre\guava-32.1.2-jre.jar;C:\Users\Laura\.m2\repository\com\google\guava\failureaccess\1.0.1\failureaccess-1.0.1.jar;C:\Users\Laura\.m2\repository\com\google\guava\listenablefuture\9999.0-empty-to-avoid-conflict-with-guava\listenablefuture-9999.0-empty-to-avoid-conflict-with-guava.jar;C:\Users\Laura\.m2\repository\com\google\code\findbugs\jsr305\3.0.2\jsr305-3.0.2.jar;C:\Users\Laura\.m2\repository\org\checkerframework\checker-qual\3.33.0\checker-qual-3.33.0.jar;C:\Users\Laura\.m2\repository\com\google\errorprone\error_prone_annotations\2.18.0\error_prone_annotations-2.18.0.jar;C:\Users\Laura\.m2\repository\com\google\j2objc\j2objc-annotations\2.8\j2objc-annotations-2.8.jar;C:\Users\Laura\.m2\repository\org\seleniumhq\selenium\selenium-chromium-driver\4.14.1\selenium-chromium-driver-4.14.1.jar;C:\Users\Laura\.m2\repository\org\seleniumhq\selenium\selenium-json\4.14.1\selenium-json-4.14.1.jar;C:\Users\Laura\.m2\repository\org\seleniumhq\selenium\selenium-manager\4.14.1\selenium-manager-4.14.1.jar;C:\Users\Laura\.m2\repository\org\seleniumhq\selenium\selenium-devtools-v121\4.19.1\selenium-devtools-v121-4.19.1.jar;C:\Users\Laura\.m2\repository\org\seleniumhq\selenium\selenium-devtools-v122\4.19.1\selenium-devtools-v122-4.19.1.jar;C:\Users\Laura\.m2\repository\org\seleniumhq\selenium\selenium-devtools-v123\4.19.1\selenium-devtools-v123-4.19.1.jar;C:\Users\Laura\.m2\repository\org\seleniumhq\selenium\selenium-devtools-v85\4.14.1\selenium-devtools-v85-4.14.1.jar;C:\Users\Laura\.m2\repository\org\seleniumhq\selenium\selenium-edge-driver\4.14.1\selenium-edge-driver-4.14.1.jar;C:\Users\Laura\.m2\repository\org\seleniumhq\selenium\selenium-firefox-driver\4.14.1\selenium-firefox-driver-4.14.1.jar;C:\Users\Laura\.m2\repository\org\seleniumhq\selenium\selenium-http\4.14.1\selenium-http-4.14.1.jar;C:\Users\Laura\.m2\repository\dev\failsafe\failsafe\3.3.2\failsafe-3.3.2.jar;C:\Users\Laura\.m2\repository\org\seleniumhq\selenium\selenium-ie-driver\4.14.1\selenium-ie-driver-4.14.1.jar;C:\Users\Laura\.m2\repository\org\seleniumhq\selenium\selenium-remote-driver\4.14.1\selenium-remote-driver-4.14.1.jar;C:\Users\Laura\.m2\repository\io\opentelemetry\opentelemetry-api\1.31.0\opentelemetry-api-1.31.0.jar;C:\Users\Laura\.m2\repository\io\opentelemetry\opentelemetry-context\1.31.0\opentelemetry-context-1.31.0.jar;C:\Users\Laura\.m2\repository\io\opentelemetry\opentelemetry-exporter-logging\1.31.0\opentelemetry-exporter-logging-1.31.0.jar;C:\Users\Laura\.m2\repository\io\opentelemetry\opentelemetry-sdk-common\1.31.0\opentelemetry-sdk-common-1.31.0.jar;C:\Users\Laura\.m2\repository\io\opentelemetry\opentelemetry-sdk-extension-autoconfigure-spi\1.31.0\opentelemetry-sdk-extension-autoconfigure-spi-1.31.0.jar;C:\Users\Laura\.m2\repository\io\opentelemetry\opentelemetry-sdk-extension-autoconfigure\1.31.0\opentelemetry-sdk-extension-autoconfigure-1.31.0.jar;C:\Users\Laura\.m2\repository\io\opentelemetry\opentelemetry-api-events\1.31.0-alpha\opentelemetry-api-events-1.31.0-alpha.jar;C:\Users\Laura\.m2\repository\io\opentelemetry\opentelemetry-sdk-trace\1.31.0\opentelemetry-sdk-trace-1.31.0.jar;C:\Users\Laura\.m2\repository\io\opentelemetry\opentelemetry-sdk\1.31.0\opentelemetry-sdk-1.31.0.jar;C:\Users\Laura\.m2\repository\io\opentelemetry\opentelemetry-sdk-metrics\1.31.0\opentelemetry-sdk-metrics-1.31.0.jar;C:\Users\Laura\.m2\repository\io\opentelemetry\opentelemetry-extension-incubator\1.31.0-alpha\opentelemetry-extension-incubator-1.31.0-alpha.jar;C:\Users\Laura\.m2\repository\io\opentelemetry\opentelemetry-sdk-logs\1.31.0\opentelemetry-sdk-logs-1.31.0.jar;C:\Users\Laura\.m2\repository\io\opentelemetry\opentelemetry-semconv\1.28.0-alpha\opentelemetry-semconv-1.28.0-alpha.jar;C:\Users\Laura\.m2\repository\org\seleniumhq\selenium\selenium-os\4.14.1\selenium-os-4.14.1.jar;C:\Users\Laura\.m2\repository\org\apache\commons\commons-exec\1.3\commons-exec-1.3.jar;C:\Users\Laura\.m2\repository\org\seleniumhq\selenium\selenium-safari-driver\4.14.1\selenium-safari-driver-4.14.1.jar;C:\Users\Laura\.m2\repository\org\seleniumhq\selenium\selenium-support\4.14.1\selenium-support-4.14.1.jar;"/>
    <property name="java.vm.vendor" value="Oracle Corporation"/>
    <property name="sun.arch.data.model" value="64"/>
    <property name="user.variant" value=""/>
    <property name="java.vendor.url" value="https://java.oracle.com/"/>
    <property name="user.timezone" value="Europe/Berlin"/>
    <property name="os.name" value="Windows 11"/>
    <property name="java.vm.specification.version" value="21"/>
    <property name="sun.java.launcher" value="SUN_STANDARD"/>
    <property name="user.country" value="NL"/>
    <property name="sun.boot.library.path" value="C:\Program Files\Java\jdk-21\bin"/>
    <property name="sun.java.command" value="C:\Users\Laura\AppData\Local\Temp\surefire17760225079669091577\surefirebooter17275042991593992558.jar C:\Users\Laura\AppData\Local\Temp\surefire17760225079669091577 2024-05-08T10-01-32_035-jvmRun1 surefire8536094917381802138tmp surefire_05751054416031629093tmp"/>
    <property name="jdk.debug" value="release"/>
    <property name="surefire.test.class.path" value="C:\Users\Laura\Documents\Stage\Functional_Monitoring\target\test-classes;C:\Users\Laura\Documents\Stage\Functional_Monitoring\target\classes;C:\Users\Laura\.m2\repository\org\springframework\boot\spring-boot-starter\3.2.4\spring-boot-starter-3.2.4.jar;C:\Users\Laura\.m2\repository\org\springframework\boot\spring-boot\3.2.4\spring-boot-3.2.4.jar;C:\Users\Laura\.m2\repository\org\springframework\spring-context\6.1.5\spring-context-6.1.5.jar;C:\Users\Laura\.m2\repository\org\springframework\spring-aop\6.1.5\spring-aop-6.1.5.jar;C:\Users\Laura\.m2\repository\org\springframework\spring-beans\6.1.5\spring-beans-6.1.5.jar;C:\Users\Laura\.m2\repository\org\springframework\spring-expression\6.1.5\spring-expression-6.1.5.jar;C:\Users\Laura\.m2\repository\io\micrometer\micrometer-observation\1.12.4\micrometer-observation-1.12.4.jar;C:\Users\Laura\.m2\repository\io\micrometer\micrometer-commons\1.12.4\micrometer-commons-1.12.4.jar;C:\Users\Laura\.m2\repository\org\springframework\boot\spring-boot-autoconfigure\3.2.4\spring-boot-autoconfigure-3.2.4.jar;C:\Users\Laura\.m2\repository\org\springframework\boot\spring-boot-starter-logging\3.2.4\spring-boot-starter-logging-3.2.4.jar;C:\Users\Laura\.m2\repository\ch\qos\logback\logback-classic\1.4.14\logback-classic-1.4.14.jar;C:\Users\Laura\.m2\repository\ch\qos\logback\logback-core\1.4.14\logback-core-1.4.14.jar;C:\Users\Laura\.m2\repository\org\apache\logging\log4j\log4j-to-slf4j\2.21.1\log4j-to-slf4j-2.21.1.jar;C:\Users\Laura\.m2\repository\org\apache\logging\log4j\log4j-api\2.21.1\log4j-api-2.21.1.jar;C:\Users\Laura\.m2\repository\org\slf4j\jul-to-slf4j\2.0.12\jul-to-slf4j-2.0.12.jar;C:\Users\Laura\.m2\repository\jakarta\annotation\jakarta.annotation-api\2.1.1\jakarta.annotation-api-2.1.1.jar;C:\Users\Laura\.m2\repository\org\springframework\spring-core\6.1.5\spring-core-6.1.5.jar;C:\Users\Laura\.m2\repository\org\springframework\spring-jcl\6.1.5\spring-jcl-6.1.5.jar;C:\Users\Laura\.m2\repository\org\yaml\snakeyaml\2.2\snakeyaml-2.2.jar;C:\Users\Laura\.m2\repository\org\springframework\boot\spring-boot-starter-test\3.2.4\spring-boot-starter-test-3.2.4.jar;C:\Users\Laura\.m2\repository\org\springframework\boot\spring-boot-test\3.2.4\spring-boot-test-3.2.4.jar;C:\Users\Laura\.m2\repository\org\springframework\boot\spring-boot-test-autoconfigure\3.2.4\spring-boot-test-autoconfigure-3.2.4.jar;C:\Users\Laura\.m2\repository\com\jayway\jsonpath\json-path\2.9.0\json-path-2.9.0.jar;C:\Users\Laura\.m2\repository\org\slf4j\slf4j-api\2.0.12\slf4j-api-2.0.12.jar;C:\Users\Laura\.m2\repository\jakarta\xml\bind\jakarta.xml.bind-api\4.0.2\jakarta.xml.bind-api-4.0.2.jar;C:\Users\Laura\.m2\repository\jakarta\activation\jakarta.activation-api\2.1.3\jakarta.activation-api-2.1.3.jar;C:\Users\Laura\.m2\repository\net\minidev\json-smart\2.5.0\json-smart-2.5.0.jar;C:\Users\Laura\.m2\repository\net\minidev\accessors-smart\2.5.0\accessors-smart-2.5.0.jar;C:\Users\Laura\.m2\repository\org\ow2\asm\asm\9.3\asm-9.3.jar;C:\Users\Laura\.m2\repository\org\assertj\assertj-core\3.24.2\assertj-core-3.24.2.jar;C:\Users\Laura\.m2\repository\net\bytebuddy\byte-buddy\1.14.12\byte-buddy-1.14.12.jar;C:\Users\Laura\.m2\repository\org\awaitility\awaitility\4.2.0\awaitility-4.2.0.jar;C:\Users\Laura\.m2\repository\org\hamcrest\hamcrest\2.2\hamcrest-2.2.jar;C:\Users\Laura\.m2\repository\org\junit\jupiter\junit-jupiter\5.10.2\junit-jupiter-5.10.2.jar;C:\Users\Laura\.m2\repository\org\junit\jupiter\junit-jupiter-api\5.10.2\junit-jupiter-api-5.10.2.jar;C:\Users\Laura\.m2\repository\org\junit\jupiter\junit-jupiter-params\5.10.2\junit-jupiter-params-5.10.2.jar;C:\Users\Laura\.m2\repository\org\junit\jupiter\junit-jupiter-engine\5.10.2\junit-jupiter-engine-5.10.2.jar;C:\Users\Laura\.m2\repository\org\mockito\mockito-core\5.7.0\mockito-core-5.7.0.jar;C:\Users\Laura\.m2\repository\net\bytebuddy\byte-buddy-agent\1.14.12\byte-buddy-agent-1.14.12.jar;C:\Users\Laura\.m2\repository\org\objenesis\objenesis\3.3\objenesis-3.3.jar;C:\Users\Laura\.m2\repository\org\mockito\mockito-junit-jupiter\5.7.0\mockito-junit-jupiter-5.7.0.jar;C:\Users\Laura\.m2\repository\org\skyscreamer\jsonassert\1.5.1\jsonassert-1.5.1.jar;C:\Users\Laura\.m2\repository\com\vaadin\external\google\android-json\0.0.20131108.vaadin1\android-json-0.0.20131108.vaadin1.jar;C:\Users\Laura\.m2\repository\org\springframework\spring-test\6.1.5\spring-test-6.1.5.jar;C:\Users\Laura\.m2\repository\org\xmlunit\xmlunit-core\2.9.1\xmlunit-core-2.9.1.jar;C:\Users\Laura\.m2\repository\io\cucumber\cucumber-java\7.16.1\cucumber-java-7.16.1.jar;C:\Users\Laura\.m2\repository\io\cucumber\cucumber-core\7.16.1\cucumber-core-7.16.1.jar;C:\Users\Laura\.m2\repository\io\cucumber\cucumber-gherkin\7.16.1\cucumber-gherkin-7.16.1.jar;C:\Users\Laura\.m2\repository\io\cucumber\cucumber-gherkin-messages\7.16.1\cucumber-gherkin-messages-7.16.1.jar;C:\Users\Laura\.m2\repository\io\cucumber\gherkin\28.0.0\gherkin-28.0.0.jar;C:\Users\Laura\.m2\repository\io\cucumber\messages\24.1.0\messages-24.1.0.jar;C:\Users\Laura\.m2\repository\io\cucumber\tag-expressions\6.1.0\tag-expressions-6.1.0.jar;C:\Users\Laura\.m2\repository\io\cucumber\cucumber-expressions\17.1.0\cucumber-expressions-17.1.0.jar;C:\Users\Laura\.m2\repository\io\cucumber\datatable\7.16.1\datatable-7.16.1.jar;C:\Users\Laura\.m2\repository\io\cucumber\cucumber-plugin\7.16.1\cucumber-plugin-7.16.1.jar;C:\Users\Laura\.m2\repository\io\cucumber\docstring\7.16.1\docstring-7.16.1.jar;C:\Users\Laura\.m2\repository\io\cucumber\html-formatter\21.3.0\html-formatter-21.3.0.jar;C:\Users\Laura\.m2\repository\io\cucumber\junit-xml-formatter\0.3.0\junit-xml-formatter-0.3.0.jar;C:\Users\Laura\.m2\repository\io\cucumber\ci-environment\10.0.1\ci-environment-10.0.1.jar;C:\Users\Laura\.m2\repository\org\apiguardian\apiguardian-api\1.1.2\apiguardian-api-1.1.2.jar;C:\Users\Laura\.m2\repository\io\cucumber\cucumber-spring\7.16.1\cucumber-spring-7.16.1.jar;C:\Users\Laura\.m2\repository\io\cucumber\cucumber-junit\7.16.1\cucumber-junit-7.16.1.jar;C:\Users\Laura\.m2\repository\junit\junit\4.13.2\junit-4.13.2.jar;C:\Users\Laura\.m2\repository\org\hamcrest\hamcrest-core\2.2\hamcrest-core-2.2.jar;C:\Users\Laura\.m2\repository\org\junit\vintage\junit-vintage-engine\5.7.0\junit-vintage-engine-5.7.0.jar;C:\Users\Laura\.m2\repository\org\junit\platform\junit-platform-engine\1.10.2\junit-platform-engine-1.10.2.jar;C:\Users\Laura\.m2\repository\org\opentest4j\opentest4j\1.3.0\opentest4j-1.3.0.jar;C:\Users\Laura\.m2\repository\org\junit\platform\junit-platform-commons\1.10.2\junit-platform-commons-1.10.2.jar;C:\Users\Laura\.m2\repository\org\seleniumhq\selenium\selenium-java\4.19.1\selenium-java-4.19.1.jar;C:\Users\Laura\.m2\repository\org\seleniumhq\selenium\selenium-api\4.14.1\selenium-api-4.14.1.jar;C:\Users\Laura\.m2\repository\org\seleniumhq\selenium\selenium-chrome-driver\4.14.1\selenium-chrome-driver-4.14.1.jar;C:\Users\Laura\.m2\repository\com\google\auto\service\auto-service-annotations\1.1.1\auto-service-annotations-1.1.1.jar;C:\Users\Laura\.m2\repository\com\google\guava\guava\32.1.2-jre\guava-32.1.2-jre.jar;C:\Users\Laura\.m2\repository\com\google\guava\failureaccess\1.0.1\failureaccess-1.0.1.jar;C:\Users\Laura\.m2\repository\com\google\guava\listenablefuture\9999.0-empty-to-avoid-conflict-with-guava\listenablefuture-9999.0-empty-to-avoid-conflict-with-guava.jar;C:\Users\Laura\.m2\repository\com\google\code\findbugs\jsr305\3.0.2\jsr305-3.0.2.jar;C:\Users\Laura\.m2\repository\org\checkerframework\checker-qual\3.33.0\checker-qual-3.33.0.jar;C:\Users\Laura\.m2\repository\com\google\errorprone\error_prone_annotations\2.18.0\error_prone_annotations-2.18.0.jar;C:\Users\Laura\.m2\repository\com\google\j2objc\j2objc-annotations\2.8\j2objc-annotations-2.8.jar;C:\Users\Laura\.m2\repository\org\seleniumhq\selenium\selenium-chromium-driver\4.14.1\selenium-chromium-driver-4.14.1.jar;C:\Users\Laura\.m2\repository\org\seleniumhq\selenium\selenium-json\4.14.1\selenium-json-4.14.1.jar;C:\Users\Laura\.m2\repository\org\seleniumhq\selenium\selenium-manager\4.14.1\selenium-manager-4.14.1.jar;C:\Users\Laura\.m2\repository\org\seleniumhq\selenium\selenium-devtools-v121\4.19.1\selenium-devtools-v121-4.19.1.jar;C:\Users\Laura\.m2\repository\org\seleniumhq\selenium\selenium-devtools-v122\4.19.1\selenium-devtools-v122-4.19.1.jar;C:\Users\Laura\.m2\repository\org\seleniumhq\selenium\selenium-devtools-v123\4.19.1\selenium-devtools-v123-4.19.1.jar;C:\Users\Laura\.m2\repository\org\seleniumhq\selenium\selenium-devtools-v85\4.14.1\selenium-devtools-v85-4.14.1.jar;C:\Users\Laura\.m2\repository\org\seleniumhq\selenium\selenium-edge-driver\4.14.1\selenium-edge-driver-4.14.1.jar;C:\Users\Laura\.m2\repository\org\seleniumhq\selenium\selenium-firefox-driver\4.14.1\selenium-firefox-driver-4.14.1.jar;C:\Users\Laura\.m2\repository\org\seleniumhq\selenium\selenium-http\4.14.1\selenium-http-4.14.1.jar;C:\Users\Laura\.m2\repository\dev\failsafe\failsafe\3.3.2\failsafe-3.3.2.jar;C:\Users\Laura\.m2\repository\org\seleniumhq\selenium\selenium-ie-driver\4.14.1\selenium-ie-driver-4.14.1.jar;C:\Users\Laura\.m2\repository\org\seleniumhq\selenium\selenium-remote-driver\4.14.1\selenium-remote-driver-4.14.1.jar;C:\Users\Laura\.m2\repository\io\opentelemetry\opentelemetry-api\1.31.0\opentelemetry-api-1.31.0.jar;C:\Users\Laura\.m2\repository\io\opentelemetry\opentelemetry-context\1.31.0\opentelemetry-context-1.31.0.jar;C:\Users\Laura\.m2\repository\io\opentelemetry\opentelemetry-exporter-logging\1.31.0\opentelemetry-exporter-logging-1.31.0.jar;C:\Users\Laura\.m2\repository\io\opentelemetry\opentelemetry-sdk-common\1.31.0\opentelemetry-sdk-common-1.31.0.jar;C:\Users\Laura\.m2\repository\io\opentelemetry\opentelemetry-sdk-extension-autoconfigure-spi\1.31.0\opentelemetry-sdk-extension-autoconfigure-spi-1.31.0.jar;C:\Users\Laura\.m2\repository\io\opentelemetry\opentelemetry-sdk-extension-autoconfigure\1.31.0\opentelemetry-sdk-extension-autoconfigure-1.31.0.jar;C:\Users\Laura\.m2\repository\io\opentelemetry\opentelemetry-api-events\1.31.0-alpha\opentelemetry-api-events-1.31.0-alpha.jar;C:\Users\Laura\.m2\repository\io\opentelemetry\opentelemetry-sdk-trace\1.31.0\opentelemetry-sdk-trace-1.31.0.jar;C:\Users\Laura\.m2\repository\io\opentelemetry\opentelemetry-sdk\1.31.0\opentelemetry-sdk-1.31.0.jar;C:\Users\Laura\.m2\repository\io\opentelemetry\opentelemetry-sdk-metrics\1.31.0\opentelemetry-sdk-metrics-1.31.0.jar;C:\Users\Laura\.m2\repository\io\opentelemetry\opentelemetry-extension-incubator\1.31.0-alpha\opentelemetry-extension-incubator-1.31.0-alpha.jar;C:\Users\Laura\.m2\repository\io\opentelemetry\opentelemetry-sdk-logs\1.31.0\opentelemetry-sdk-logs-1.31.0.jar;C:\Users\Laura\.m2\repository\io\opentelemetry\opentelemetry-semconv\1.28.0-alpha\opentelemetry-semconv-1.28.0-alpha.jar;C:\Users\Laura\.m2\repository\org\seleniumhq\selenium\selenium-os\4.14.1\selenium-os-4.14.1.jar;C:\Users\Laura\.m2\repository\org\apache\commons\commons-exec\1.3\commons-exec-1.3.jar;C:\Users\Laura\.m2\repository\org\seleniumhq\selenium\selenium-safari-driver\4.14.1\selenium-safari-driver-4.14.1.jar;C:\Users\Laura\.m2\repository\org\seleniumhq\selenium\selenium-support\4.14.1\selenium-support-4.14.1.jar;"/>
    <property name="sun.cpu.endian" value="little"/>
    <property name="user.home" value="C:\Users\Laura"/>
    <property name="user.language" value="nl"/>
    <property name="java.specification.vendor" value="Oracle Corporation"/>
    <property name="java.version.date" value="2023-10-17"/>
    <property name="java.home" value="C:\Program Files\Java\jdk-21"/>
    <property name="file.separator" value="\"/>
    <property name="basedir" value="C:\Users\Laura\Documents\Stage\Functional_Monitoring"/>
    <property name="java.vm.compressedOopsMode" value="Zero based"/>
    <property name="line.separator" value="&#10;"/>
    <property name="java.vm.specification.vendor" value="Oracle Corporation"/>
    <property name="java.specification.name" value="Java Platform API Specification"/>
    <property name="FILE_LOG_CHARSET" value="UTF-8"/>
    <property name="java.awt.headless" value="true"/>
    <property name="surefire.real.class.path" value="C:\Users\Laura\AppData\Local\Temp\surefire17760225079669091577\surefirebooter17275042991593992558.jar"/>
    <property name="user.script" value=""/>
    <property name="sun.management.compiler" value="HotSpot 64-Bit Tiered Compilers"/>
    <property name="java.runtime.version" value="21.0.1+12-LTS-29"/>
    <property name="user.name" value="Laura"/>
    <property name="stdout.encoding" value="Cp1252"/>
    <property name="path.separator" value=";"/>
    <property name="os.version" value="10.0"/>
    <property name="java.runtime.name" value="Java(TM) SE Runtime Environment"/>
    <property name="file.encoding" value="UTF-8"/>
    <property name="java.vm.name" value="Java HotSpot(TM) 64-Bit Server VM"/>
    <property name="localRepository" value="C:\Users\Laura\.m2\repository"/>
    <property name="java.vendor.url.bug" value="https://bugreport.java.com/bugreport/"/>
    <property name="java.io.tmpdir" value="C:\Users\Laura\AppData\Local\Temp\"/>
    <property name="java.version" value="21.0.1"/>
    <property name="cucumber.filter.tags" value="@Regression"/>
    <property name="user.dir" value="C:\Users\Laura\Documents\Stage\Functional_Monitoring"/>
    <property name="os.arch" value="amd64"/>
    <property name="java.vm.specification.name" value="Java Virtual Machine Specification"/>
    <property name="PID" value="23928"/>
    <property name="sun.os.patch.level" value=""/>
    <property name="CONSOLE_LOG_CHARSET" value="UTF-8"/>
    <property name="native.encoding" value="Cp1252"/>
    <property name="java.library.path" value="C:\Program Files\Java\jdk-21\bin;C:\WINDOWS\Sun\Java\bin;C:\WINDOWS\system32;C:\WINDOWS;C:\Program Files\Common Files\Oracle\Java\javapath;C:\Program Files (x86)\Common Files\Oracle\Java\javapath;C:\Windows\system32;C:\Windows;C:\Windows\System32\Wbem;C:\Windows\System32\WindowsPowerShell\v1.0\;C:\Windows\System32\OpenSSH\;C:\Program Files (x86)\NVIDIA Corporation\PhysX\Common;C:\Program Files\NVIDIA Corporation\NVIDIA NvDLISR;C:\Program Files\dotnet\;C:\Program Files\Microsoft SQL Server\150\Tools\Binn\;C:\Program Files\Microsoft SQL Server\Client SDK\ODBC\170\Tools\Binn\;C:\Program Files\nodejs\;C:\Program Files\Git\cmd;C:\Program Files (x86)\Microsoft SQL Server\160\DTS\Binn\;C:\Program Files (x86)\Gpg4win\..\GnuPG\bin;C:\Program Files (x86)\Microsoft SQL Server\160\Tools\Binn\;C:\Program Files\Microsoft SQL Server\160\Tools\Binn\;C:\Program Files\Microsoft SQL Server\160\DTS\Binn\;C:\WINDOWS\system32;C:\WINDOWS;C:\WINDOWS\System32\Wbem;C:\WINDOWS\System32\WindowsPowerShell\v1.0\;C:\WINDOWS\System32\OpenSSH\;C:\Program Files\Lando\bin;C:\ProgramData\chocolatey\bin;;C:\Program Files\Docker\Docker\resources\bin;C:\Users\Laura\AppData\Local\Programs\Python\Python312\Scripts\;C:\Users\Laura\AppData\Local\Programs\Python\Python312\;C:\Users\Laura\AppData\Local\Programs\Python\Launcher\;C:\Program Files\MySQL\MySQL Shell 8.0\bin\;C:\Users\Laura\AppData\Local\Microsoft\WindowsApps;C:\Users\Laura\AppData\Local\Programs\Microsoft VS Code\bin;C:\Users\Laura\AppData\Roaming\npm;C:\Program Files\Azure Data Studio\bin;C:\Users\Laura\.dotnet\tools;C:\Program Files\Java\jdk-21\bin;C:\Program Files (x86)\Apache Software Foundation\apache-maven-3.9.6\bin;C:\Chromedriver\chromedriver-win32;;."/>
    <property name="java.vm.info" value="mixed mode, sharing"/>
    <property name="stderr.encoding" value="Cp1252"/>
    <property name="java.vendor" value="Oracle Corporation"/>
    <property name="java.vm.version" value="21.0.1+12-LTS-29"/>
    <property name="sun.io.unicode.encoding" value="UnicodeLittle"/>
    <property name="java.class.version" value="65.0"/>
    <property name="LOGGED_APPLICATION_NAME" value="[Functional_Monitoring] "/>
  </properties>
  <testcase name="Successful Login" classname="Log in to the website" time="3.908">
    <system-out><![CDATA[
  .   ____          _            __ _ _
 /\\ / ___'_ __ _ _(_)_ __  __ _ \ \ \ \
( ( )\___ | '_ | '_| | '_ \/ _` | \ \ \ \
 \\/  ___)| |_)| | | | | || (_| |  ) ) ) )
  '  |____| .__|_| |_|_| |_\__, | / / / /
 =========|_|==============|___/=/_/_/_/
 :: Spring Boot ::                (v3.2.4)

2024-05-08T10:01:33.610+02:00  INFO 23928 --- [Functional_Monitoring] [           main] steps.CucumberSpringConfiguration        : Starting CucumberSpringConfiguration using Java 21.0.1 with PID 23928 (started by Laura in C:\Users\Laura\Documents\Stage\Functional_Monitoring)
2024-05-08T10:01:33.612+02:00  INFO 23928 --- [Functional_Monitoring] [           main] steps.CucumberSpringConfiguration        : No active profile set, falling back to 1 default profile: "default"
2024-05-08T10:01:34.034+02:00  INFO 23928 --- [Functional_Monitoring] [           main] steps.CucumberSpringConfiguration        : Started CucumberSpringConfiguration in 0.673 seconds (process running for 1.657)

@Regression @Smoke
Scenario: Successful Login                 &amp#27;[90m# src/test/resources/features/LogIn.feature:5&amp#27;[0m
2024-05-08T10:01:36.335+02:00  WARN 23928 --- [Functional_Monitoring] [           main] o.o.selenium.devtools.CdpVersionFinder   : Unable to find an exact match for CDP version 124, returning the closest version; found: 123; Please update to a Selenium version that supports CDP version 124
  &amp#27;[32mGiven &amp#27;[0m&amp#27;[32mI am on the login page&amp#27;[0m             &amp#27;[90m# steps.LoginSteps.iAmOnTheLoginPage()&amp#27;[0m
  &amp#27;[32mWhen &amp#27;[0m&amp#27;[32mI fill in my username &amp#27;[0m&amp#27;[32m&amp#27;[1mstandard_user&amp#27;[0m &amp#27;[90m# steps.LoginSteps.iFillInMyUsername(java.lang.String)&amp#27;[0m
  &amp#27;[32mAnd &amp#27;[0m&amp#27;[32mI fill in my password &amp#27;[0m&amp#27;[32m&amp#27;[1msecret_sauce&amp#27;[0m   &amp#27;[90m# steps.LoginSteps.iFillInMyPassword(java.lang.String)&amp#27;[0m
  &amp#27;[32mAnd &amp#27;[0m&amp#27;[32mI click on the login button&amp#27;[0m          &amp#27;[90m# steps.LoginSteps.iClickOnTheLoginButton()&amp#27;[0m
  &amp#27;[32mThen &amp#27;[0m&amp#27;[32mI'm logged in&amp#27;[0m                       &amp#27;[90m# steps.LoginSteps.imLoggedIn()&amp#27;[0m
  &amp#27;[32mAnd &amp#27;[0m&amp#27;[32mredirected to the product page&amp#27;[0m       &amp#27;[90m# steps.LoginSteps.redirectedToTheProductPage()&amp#27;[0m
]]></system-out>
    <system-err><![CDATA[WARNING: A Java agent has been loaded dynamically (C:\Users\Laura\.m2\repository\net\bytebuddy\byte-buddy-agent\1.14.12\byte-buddy-agent-1.14.12.jar)
WARNING: If a serviceability tool is in use, please run with -XX:+EnableDynamicAgentLoading to hide this warning
WARNING: If a serviceability tool is not in use, please run with -Djdk.instrument.traceUsage for more information
WARNING: Dynamic loading of agents will be disallowed by default in a future release
]]></system-err>
  </testcase>
  <testcase name="failed login: correct username - wrong password" classname="Log in to the website" time="1.571">
    <system-out><![CDATA[
@Regression @Sanity
Scenario: failed login: correct username - wrong password                                                            &amp#27;[90m# src/test/resources/features/LogIn.feature:14&amp#27;[0m
2024-05-08T10:01:37.997+02:00  WARN 23928 --- [Functional_Monitoring] [           main] o.o.selenium.devtools.CdpVersionFinder   : Unable to find an exact match for CDP version 124, returning the closest version; found: 123; Please update to a Selenium version that supports CDP version 124
  &amp#27;[32mGiven &amp#27;[0m&amp#27;[32mI am on the login page&amp#27;[0m                                                                                       &amp#27;[90m# steps.LoginSteps.iAmOnTheLoginPage()&amp#27;[0m
  &amp#27;[32mWhen &amp#27;[0m&amp#27;[32mI fill in my username &amp#27;[0m&amp#27;[32m&amp#27;[1mstandard_user&amp#27;[0m                                                                           &amp#27;[90m# steps.LoginSteps.iFillInMyUsername(java.lang.String)&amp#27;[0m
  &amp#27;[32mAnd &amp#27;[0m&amp#27;[32mI fill in something that's not my password &amp#27;[0m&amp#27;[32m&amp#27;[1mpassword&amp#27;[0m                                                            &amp#27;[90m# steps.LoginSteps.iFillInSomethingThatSNotMyPassword(java.lang.String)&amp#27;[0m
  &amp#27;[32mAnd &amp#27;[0m&amp#27;[32mI click on the login button&amp#27;[0m                                                                                    &amp#27;[90m# steps.LoginSteps.iClickOnTheLoginButton()&amp#27;[0m
  &amp#27;[32mThen &amp#27;[0m&amp#27;[32man error message is show that indicates that the combination of the username and password is not a valid one.&amp#27;[0m &amp#27;[90m# steps.LoginSteps.anErrorMessageIsShowThatIndicatesThatTheCombinationOfTheUsernameAndPasswordIsNotAValidOne()&amp#27;[0m
]]></system-out>
  </testcase>
  <testcase name="failed login: no username filled out - password filled out" classname="Log in to the website" time="1.633">
    <system-out><![CDATA[
@Regression @Sanity
Scenario: failed login: no username filled out - password filled out                  &amp#27;[90m# src/test/resources/features/LogIn.feature:22&amp#27;[0m
2024-05-08T10:01:39.596+02:00  WARN 23928 --- [Functional_Monitoring] [           main] o.o.selenium.devtools.CdpVersionFinder   : Unable to find an exact match for CDP version 124, returning the closest version; found: 123; Please update to a Selenium version that supports CDP version 124
  &amp#27;[32mGiven &amp#27;[0m&amp#27;[32mI am on the login page&amp#27;[0m                                                        &amp#27;[90m# steps.LoginSteps.iAmOnTheLoginPage()&amp#27;[0m
  &amp#27;[32mWhen &amp#27;[0m&amp#27;[32mI fill in no username&amp#27;[0m                                                          &amp#27;[90m# steps.LoginSteps.iFillInNoUsername()&amp#27;[0m
  &amp#27;[32mAnd &amp#27;[0m&amp#27;[32mI fill in my password &amp#27;[0m&amp#27;[32m&amp#27;[1msecret_sauce&amp#27;[0m                                              &amp#27;[90m# steps.LoginSteps.iFillInMyPassword(java.lang.String)&amp#27;[0m
  &amp#27;[32mAnd &amp#27;[0m&amp#27;[32mI click on the login button&amp#27;[0m                                                     &amp#27;[90m# steps.LoginSteps.iClickOnTheLoginButton()&amp#27;[0m
  &amp#27;[32mThen &amp#27;[0m&amp#27;[32man error message is show that indicates that the username is a required field.&amp#27;[0m &amp#27;[90m# steps.LoginSteps.anErrorMessageIsShowThatIndicatesThatTheUsernameIsARequiredField()&amp#27;[0m
]]></system-out>
  </testcase>
  <testcase name="failed login: username filled out - no password filled out" classname="Log in to the website" time="1.524">
    <system-out><![CDATA[
@Regression @Sanity
Scenario: failed login: username filled out - no password filled out                  &amp#27;[90m# src/test/resources/features/LogIn.feature:30&amp#27;[0m
2024-05-08T10:01:41.198+02:00  WARN 23928 --- [Functional_Monitoring] [           main] o.o.selenium.devtools.CdpVersionFinder   : Unable to find an exact match for CDP version 124, returning the closest version; found: 123; Please update to a Selenium version that supports CDP version 124
  &amp#27;[32mGiven &amp#27;[0m&amp#27;[32mI am on the login page&amp#27;[0m                                                        &amp#27;[90m# steps.LoginSteps.iAmOnTheLoginPage()&amp#27;[0m
  &amp#27;[32mWhen &amp#27;[0m&amp#27;[32mI fill in my username &amp#27;[0m&amp#27;[32m&amp#27;[1mstandard_user&amp#27;[0m                                            &amp#27;[90m# steps.LoginSteps.iFillInMyUsername(java.lang.String)&amp#27;[0m
  &amp#27;[32mAnd &amp#27;[0m&amp#27;[32mI fill in no password&amp#27;[0m                                                           &amp#27;[90m# steps.LoginSteps.iFillInNoPassword()&amp#27;[0m
  &amp#27;[32mAnd &amp#27;[0m&amp#27;[32mI click on the login button&amp#27;[0m                                                     &amp#27;[90m# steps.LoginSteps.iClickOnTheLoginButton()&amp#27;[0m
  &amp#27;[32mThen &amp#27;[0m&amp#27;[32man error message is show that indicates that the password is a required field.&amp#27;[0m &amp#27;[90m# steps.LoginSteps.anErrorMessageIsShowThatIndicatesThatThePasswordIsARequiredField()&amp#27;[0m
]]></system-out>
  </testcase>
  <testcase name="Successful Logout" classname="Log out of the website" time="2.333">
    <system-out><![CDATA[
@Regression @Smoke
Scenario: Successful Logout                                                            &amp#27;[90m# src/test/resources/features/LogOut.feature:8&amp#27;[0m
2024-05-08T10:01:42.742+02:00  WARN 23928 --- [Functional_Monitoring] [           main] o.o.selenium.devtools.CdpVersionFinder   : Unable to find an exact match for CDP version 124, returning the closest version; found: 123; Please update to a Selenium version that supports CDP version 124
  &amp#27;[32mGiven &amp#27;[0m&amp#27;[32mI am correctly logged in with username &amp#27;[0m&amp#27;[32m&amp#27;[1mstandard_user&amp#27;[0m&amp#27;[32m and password &amp#27;[0m&amp#27;[32m&amp#27;[1msecret_sauce&amp#27;[0m &amp#27;[90m# steps.CommonSteps.iAmCorrectlyLoggedIn(java.lang.String,java.lang.String)&amp#27;[0m
  &amp#27;[32mGiven &amp#27;[0m&amp#27;[32mI am on the product page&amp#27;[0m                                                       &amp#27;[90m# steps.CommonSteps.iAmOnTheProductPage()&amp#27;[0m
  &amp#27;[32mWhen &amp#27;[0m&amp#27;[32mI click on the hamburger menu in the nav. bar&amp#27;[0m                                   &amp#27;[90m# steps.LogoutSteps.iClickOnTheHamburgerMenuInTheNavBar()&amp#27;[0m
  &amp#27;[32mThen &amp#27;[0m&amp#27;[32mI see a list of buttons&amp#27;[0m                                                         &amp#27;[90m# steps.LogoutSteps.iSeeAListOfButtons()&amp#27;[0m
  &amp#27;[32mWhen &amp#27;[0m&amp#27;[32mI click on logout&amp#27;[0m                                                               &amp#27;[90m# steps.LogoutSteps.iClickOnLogout()&amp#27;[0m
  &amp#27;[32mThen &amp#27;[0m&amp#27;[32mI am logged out of the application&amp#27;[0m                                              &amp#27;[90m# steps.LogoutSteps.iAmLoggedOutOfTheApplication()&amp#27;[0m
  &amp#27;[32mAnd &amp#27;[0m&amp#27;[32mredirected to the Home Screen the login screen&amp#27;[0m                                   &amp#27;[90m# steps.LogoutSteps.redirectedToTheHomeScreenTheLoginScreen()&amp#27;[0m
]]></system-out>
  </testcase>
  <testcase name="See product detail page" classname="See the product detail page" time="2.562">
    <system-out><![CDATA[
@Regression @Sanity
Scenario: See product detail page                                                      &amp#27;[90m# src/test/resources/features/ProductDetail.feature:8&amp#27;[0m
2024-05-08T10:01:45.068+02:00  WARN 23928 --- [Functional_Monitoring] [           main] o.o.selenium.devtools.CdpVersionFinder   : Unable to find an exact match for CDP version 124, returning the closest version; found: 123; Please update to a Selenium version that supports CDP version 124
  &amp#27;[32mGiven &amp#27;[0m&amp#27;[32mI am correctly logged in with username &amp#27;[0m&amp#27;[32m&amp#27;[1mstandard_user&amp#27;[0m&amp#27;[32m and password &amp#27;[0m&amp#27;[32m&amp#27;[1msecret_sauce&amp#27;[0m &amp#27;[90m# steps.CommonSteps.iAmCorrectlyLoggedIn(java.lang.String,java.lang.String)&amp#27;[0m
  &amp#27;[32mGiven &amp#27;[0m&amp#27;[32mI am on the product page&amp#27;[0m                                                       &amp#27;[90m# steps.CommonSteps.iAmOnTheProductPage()&amp#27;[0m
  &amp#27;[32mWhen &amp#27;[0m&amp#27;[32mI click on a product&amp#27;[0m                                                            &amp#27;[90m# steps.ProductDetailSteps.iClickOnAProduct()&amp#27;[0m
  &amp#27;[32mThen &amp#27;[0m&amp#27;[32mI’m redirected to the product detail screen of that specific product&amp#27;[0m            &amp#27;[90m# steps.ProductDetailSteps.iMRedirectedToTheProductDetailScreenOfThatSpecificProduct()&amp#27;[0m
]]></system-out>
  </testcase>
  <testcase name="Add products to the cart" classname="Shopping Cart Functionality" time="2.766">
    <system-out><![CDATA[
@Regression @Sanity
Scenario: Add products to the cart                                                     &amp#27;[90m# src/test/resources/features/ShoppingCart.feature:9&amp#27;[0m
2024-05-08T10:01:47.606+02:00  WARN 23928 --- [Functional_Monitoring] [           main] o.o.selenium.devtools.CdpVersionFinder   : Unable to find an exact match for CDP version 124, returning the closest version; found: 123; Please update to a Selenium version that supports CDP version 124
  &amp#27;[32mGiven &amp#27;[0m&amp#27;[32mI am correctly logged in with username &amp#27;[0m&amp#27;[32m&amp#27;[1mstandard_user&amp#27;[0m&amp#27;[32m and password &amp#27;[0m&amp#27;[32m&amp#27;[1msecret_sauce&amp#27;[0m &amp#27;[90m# steps.CommonSteps.iAmCorrectlyLoggedIn(java.lang.String,java.lang.String)&amp#27;[0m
  &amp#27;[32mAnd &amp#27;[0m&amp#27;[32mI am on the product page&amp#27;[0m                                                         &amp#27;[90m# steps.CommonSteps.iAmOnTheProductPage()&amp#27;[0m
  &amp#27;[32mWhen &amp#27;[0m&amp#27;[32mI click on the ‘add to cart’ next to a product&amp#27;[0m                                  &amp#27;[90m# steps.ShoppingCartSteps.iClickOnTheAddToCartNextToAProduct()&amp#27;[0m
  &amp#27;[32mAnd &amp#27;[0m&amp#27;[32mI click on the shopping cart icon&amp#27;[0m                                                &amp#27;[90m# steps.ShoppingCartSteps.iClickOnTheShoppingCartIcon()&amp#27;[0m
  &amp#27;[32mThen &amp#27;[0m&amp#27;[32mI’m redirected to the ‘your cart’ screen&amp#27;[0m                                        &amp#27;[90m# steps.ShoppingCartSteps.iMRedirectedToTheYourCartScreen()&amp#27;[0m
  &amp#27;[32mAnd &amp#27;[0m&amp#27;[32mthe product is added to my cart&amp#27;[0m                                                  &amp#27;[90m# steps.ShoppingCartSteps.theProductIsAddedToMyCart()&amp#27;[0m
]]></system-out>
  </testcase>
  <testcase name="I don’t have a product added to my cart" classname="Shopping Cart Functionality" time="1.665">
    <system-out><![CDATA[
@Regression @Sanity
Scenario: I don’t have a product added to my cart                                      &amp#27;[90m# src/test/resources/features/ShoppingCart.feature:16&amp#27;[0m
2024-05-08T10:01:50.411+02:00  WARN 23928 --- [Functional_Monitoring] [           main] o.o.selenium.devtools.CdpVersionFinder   : Unable to find an exact match for CDP version 124, returning the closest version; found: 123; Please update to a Selenium version that supports CDP version 124
  &amp#27;[32mGiven &amp#27;[0m&amp#27;[32mI am correctly logged in with username &amp#27;[0m&amp#27;[32m&amp#27;[1mstandard_user&amp#27;[0m&amp#27;[32m and password &amp#27;[0m&amp#27;[32m&amp#27;[1msecret_sauce&amp#27;[0m &amp#27;[90m# steps.CommonSteps.iAmCorrectlyLoggedIn(java.lang.String,java.lang.String)&amp#27;[0m
  &amp#27;[32mAnd &amp#27;[0m&amp#27;[32mI am on the product page&amp#27;[0m                                                         &amp#27;[90m# steps.CommonSteps.iAmOnTheProductPage()&amp#27;[0m
  &amp#27;[32mWhen &amp#27;[0m&amp#27;[32mI click on the shopping cart icon&amp#27;[0m                                               &amp#27;[90m# steps.ShoppingCartSteps.iClickOnTheShoppingCartIcon()&amp#27;[0m
  &amp#27;[32mThen &amp#27;[0m&amp#27;[32mI’m redirected to the ‘your cart’ screen&amp#27;[0m                                        &amp#27;[90m# steps.ShoppingCartSteps.iMRedirectedToTheYourCartScreen()&amp#27;[0m
  &amp#27;[32mAnd &amp#27;[0m&amp#27;[32mthe list of products in my cart is empty&amp#27;[0m                                         &amp#27;[90m# steps.ShoppingCartSteps.theListOfProductsInMyCartIsEmpty()&amp#27;[0m
]]></system-out>
  </testcase>
  <testcase name="deleting it from the product overview page" classname="Shopping Cart Functionality" time="1.755">
    <system-out><![CDATA[
@Regression @Sanity
Scenario: deleting it from the product overview page                                                   &amp#27;[90m# src/test/resources/features/ShoppingCart.feature:22&amp#27;[0m
2024-05-08T10:01:52.141+02:00  WARN 23928 --- [Functional_Monitoring] [           main] o.o.selenium.devtools.CdpVersionFinder   : Unable to find an exact match for CDP version 124, returning the closest version; found: 123; Please update to a Selenium version that supports CDP version 124
  &amp#27;[32mGiven &amp#27;[0m&amp#27;[32mI am correctly logged in with username &amp#27;[0m&amp#27;[32m&amp#27;[1mstandard_user&amp#27;[0m&amp#27;[32m and password &amp#27;[0m&amp#27;[32m&amp#27;[1msecret_sauce&amp#27;[0m                 &amp#27;[90m# steps.CommonSteps.iAmCorrectlyLoggedIn(java.lang.String,java.lang.String)&amp#27;[0m
  &amp#27;[32mAnd &amp#27;[0m&amp#27;[32mI am on the product page&amp#27;[0m                                                                         &amp#27;[90m# steps.CommonSteps.iAmOnTheProductPage()&amp#27;[0m
  &amp#27;[32mWhen &amp#27;[0m&amp#27;[32mI click on the ‘remove' button in my overview page next to a product that I’ve added to my cart&amp#27;[0m &amp#27;[90m# steps.ShoppingCartSteps.iClickOnTheRemoveButtonInMyOverviewPageNextToAProductThatIVeAddedToMyCart()&amp#27;[0m
  &amp#27;[32mThen &amp#27;[0m&amp#27;[32mthat product is removed from my cart in overview&amp#27;[0m                                                &amp#27;[90m# steps.ShoppingCartSteps.thatProductIsRemovedFromMyCartInOverview()&amp#27;[0m
]]></system-out>
  </testcase>
  <testcase name="deleting it from the your cart page" classname="Shopping Cart Functionality" time="1.727">
    <system-out><![CDATA[
@Regression @Sanity
Scenario: deleting it from the your cart page                                          &amp#27;[90m# src/test/resources/features/ShoppingCart.feature:27&amp#27;[0m
2024-05-08T10:01:53.804+02:00  WARN 23928 --- [Functional_Monitoring] [           main] o.o.selenium.devtools.CdpVersionFinder   : Unable to find an exact match for CDP version 124, returning the closest version; found: 123; Please update to a Selenium version that supports CDP version 124
  &amp#27;[32mGiven &amp#27;[0m&amp#27;[32mI am correctly logged in with username &amp#27;[0m&amp#27;[32m&amp#27;[1mstandard_user&amp#27;[0m&amp#27;[32m and password &amp#27;[0m&amp#27;[32m&amp#27;[1msecret_sauce&amp#27;[0m &amp#27;[90m# steps.CommonSteps.iAmCorrectlyLoggedIn(java.lang.String,java.lang.String)&amp#27;[0m
  &amp#27;[32mAnd &amp#27;[0m&amp#27;[32mI am on the product page&amp#27;[0m                                                         &amp#27;[90m# steps.CommonSteps.iAmOnTheProductPage()&amp#27;[0m
  &amp#27;[32mGiven &amp#27;[0m&amp#27;[32mI am on the ‘Your cart’ page&amp#27;[0m                                                   &amp#27;[90m# steps.ShoppingCartSteps.iAmOnTheYourCartPage()&amp#27;[0m
  &amp#27;[32mWhen &amp#27;[0m&amp#27;[32mI click on the ‘remove' button next to a product that I’ve added to my cart&amp#27;[0m     &amp#27;[90m# steps.ShoppingCartSteps.iClickOnTheRemoveButtonNextToAProductThatIVeAddedToMyCart()&amp#27;[0m
  &amp#27;[32mThen &amp#27;[0m&amp#27;[32mthat product is removed from my cart&amp#27;[0m                                            &amp#27;[90m# steps.ShoppingCartSteps.thatProductIsRemovedFromMyCart()&amp#27;[0m
  &amp#27;[32mAnd &amp#27;[0m&amp#27;[32mthe list updates itself and I don’t see the product anymore that I just deleted&amp#27;[0m  &amp#27;[90m# steps.ShoppingCartSteps.theListUpdatesItselfAndIDonTSeeTheProductAnymoreThatIJustDeleted()&amp#27;[0m
]]></system-out>
  </testcase>
  <testcase name="Check out the products" classname="Shopping Cart Functionality" time="1.897">
    <system-out><![CDATA[
@Regression @Sanity
Scenario: Check out the products                                                       &amp#27;[90m# src/test/resources/features/ShoppingCart.feature:34&amp#27;[0m
2024-05-08T10:01:55.514+02:00  WARN 23928 --- [Functional_Monitoring] [           main] o.o.selenium.devtools.CdpVersionFinder   : Unable to find an exact match for CDP version 124, returning the closest version; found: 123; Please update to a Selenium version that supports CDP version 124
  &amp#27;[32mGiven &amp#27;[0m&amp#27;[32mI am correctly logged in with username &amp#27;[0m&amp#27;[32m&amp#27;[1mstandard_user&amp#27;[0m&amp#27;[32m and password &amp#27;[0m&amp#27;[32m&amp#27;[1msecret_sauce&amp#27;[0m &amp#27;[90m# steps.CommonSteps.iAmCorrectlyLoggedIn(java.lang.String,java.lang.String)&amp#27;[0m
  &amp#27;[32mAnd &amp#27;[0m&amp#27;[32mI am on the product page&amp#27;[0m                                                         &amp#27;[90m# steps.CommonSteps.iAmOnTheProductPage()&amp#27;[0m
  &amp#27;[32mGiven &amp#27;[0m&amp#27;[32mI am on the ‘Your cart’ page&amp#27;[0m                                                   &amp#27;[90m# steps.ShoppingCartSteps.iAmOnTheYourCartPage()&amp#27;[0m
  &amp#27;[32mWhen &amp#27;[0m&amp#27;[32mI click on ‘check out’&amp#27;[0m                                                          &amp#27;[90m# steps.ShoppingCartSteps.iClickOnCheckOut()&amp#27;[0m
  &amp#27;[32mThen &amp#27;[0m&amp#27;[32mI am redirected to the ‘Checkout: your information’ page&amp#27;[0m                        &amp#27;[90m# steps.ShoppingCartSteps.iAmRedirectedToTheCheckoutYourInformationPage()&amp#27;[0m
  &amp#27;[32mWhen &amp#27;[0m&amp#27;[32mI complete filling out the fields&amp#27;[0m                                               &amp#27;[90m# steps.ShoppingCartSteps.iCompleteFillingOutTheFields()&amp#27;[0m
  &amp#27;[32mAnd &amp#27;[0m&amp#27;[32mclick on continue&amp#27;[0m                                                                &amp#27;[90m# steps.ShoppingCartSteps.clickOnContinue()&amp#27;[0m
  &amp#27;[32mThen &amp#27;[0m&amp#27;[32mI’m redirected to the ‘checkout: overview page’&amp#27;[0m                                 &amp#27;[90m# steps.ShoppingCartSteps.iMRedirectedToTheCheckoutOverviewPage()&amp#27;[0m
  &amp#27;[32mWhen &amp#27;[0m&amp#27;[32mI click on ‘finish’&amp#27;[0m                                                             &amp#27;[90m# steps.ShoppingCartSteps.iClickOnFinish()&amp#27;[0m
  &amp#27;[32mThen &amp#27;[0m&amp#27;[32mI see an order confirmation screen&amp#27;[0m                                              &amp#27;[90m# steps.ShoppingCartSteps.iSeeAOrderConfirmationScreen()&amp#27;[0m
]]></system-out>
  </testcase>
  <testcase name="sorting method ‘Name (A to Z)’" classname="Sorting ProductPage" time="1.852">
    <system-out><![CDATA[
@Regression @Sanity
Scenario: sorting method ‘Name (A to Z)’                                               &amp#27;[90m# src/test/resources/features/SortingProductPage.feature:8&amp#27;[0m
2024-05-08T10:01:57.378+02:00  WARN 23928 --- [Functional_Monitoring] [           main] o.o.selenium.devtools.CdpVersionFinder   : Unable to find an exact match for CDP version 124, returning the closest version; found: 123; Please update to a Selenium version that supports CDP version 124
  &amp#27;[32mGiven &amp#27;[0m&amp#27;[32mI am correctly logged in with username &amp#27;[0m&amp#27;[32m&amp#27;[1mstandard_user&amp#27;[0m&amp#27;[32m and password &amp#27;[0m&amp#27;[32m&amp#27;[1msecret_sauce&amp#27;[0m &amp#27;[90m# steps.CommonSteps.iAmCorrectlyLoggedIn(java.lang.String,java.lang.String)&amp#27;[0m
  &amp#27;[32mGiven &amp#27;[0m&amp#27;[32mI am on the product page&amp#27;[0m                                                       &amp#27;[90m# steps.CommonSteps.iAmOnTheProductPage()&amp#27;[0m
  &amp#27;[32mWhen &amp#27;[0m&amp#27;[32mI click on the filter option button&amp#27;[0m                                             &amp#27;[90m# steps.SortingProductPageSteps.iClickOnTheFilterOptionButton()&amp#27;[0m
  &amp#27;[32mAnd &amp#27;[0m&amp#27;[32mclick on ‘Name (A to Z)’&amp#27;[0m                                                         &amp#27;[90m# steps.SortingProductPageSteps.clickOnNameAToZ()&amp#27;[0m
  &amp#27;[32mThen &amp#27;[0m&amp#27;[32mthe products are shown in alphabetical order&amp#27;[0m                                    &amp#27;[90m# steps.SortingProductPageSteps.theProductsAreShownInAlphabeticalOrder()&amp#27;[0m
]]></system-out>
  </testcase>
  <testcase name="sorting method ‘Price (low to high)’" classname="Sorting ProductPage" time="3.039">
    <system-out><![CDATA[
@Regression @Sanity
Scenario: sorting method ‘Price (low to high)’                                               &amp#27;[90m# src/test/resources/features/SortingProductPage.feature:15&amp#27;[0m
2024-05-08T10:01:59.411+02:00  WARN 23928 --- [Functional_Monitoring] [           main] o.o.selenium.devtools.CdpVersionFinder   : Unable to find an exact match for CDP version 124, returning the closest version; found: 123; Please update to a Selenium version that supports CDP version 124
  &amp#27;[32mGiven &amp#27;[0m&amp#27;[32mI am correctly logged in with username &amp#27;[0m&amp#27;[32m&amp#27;[1mstandard_user&amp#27;[0m&amp#27;[32m and password &amp#27;[0m&amp#27;[32m&amp#27;[1msecret_sauce&amp#27;[0m       &amp#27;[90m# steps.CommonSteps.iAmCorrectlyLoggedIn(java.lang.String,java.lang.String)&amp#27;[0m
  &amp#27;[32mGiven &amp#27;[0m&amp#27;[32mI am on the product page&amp#27;[0m                                                             &amp#27;[90m# steps.CommonSteps.iAmOnTheProductPage()&amp#27;[0m
  &amp#27;[32mWhen &amp#27;[0m&amp#27;[32mI click on the filter option button&amp#27;[0m                                                   &amp#27;[90m# steps.SortingProductPageSteps.iClickOnTheFilterOptionButton()&amp#27;[0m
  &amp#27;[32mAnd &amp#27;[0m&amp#27;[32mclick on ‘Price (low to high)’&amp#27;[0m                                                         &amp#27;[90m# steps.SortingProductPageSteps.clickOnPriceLowToHigh()&amp#27;[0m
  &amp#27;[32mThen &amp#27;[0m&amp#27;[32mI see the products ordered with the product lowest price first and highest price last&amp#27;[0m &amp#27;[90m# steps.SortingProductPageSteps.iSeeTheProductsOrderedWithTheProductLowestPriceFirstAndHighestPriceLast()&amp#27;[0m
]]></system-out>
  </testcase>
</testsuite>